<?xml version="1.0" encoding="UTF-8" ?>
<testsuite tests="4" failures="0" name="com.qa.ims.controllers.CustomerControllerTest" time="0.961" errors="0" skipped="0">
  <properties>
[...]
</properties>
  <testcase classname="com.qa.ims.controllers.CustomerControllerTest" name="testReadAll" time="0.944"/>
  <testcase classname="com.qa.ims.controllers.CustomerControllerTest" name="testCreate" time="0.007"/>
  <testcase classname="com.qa.ims.controllers.CustomerControllerTest" name="testDelete" time="0.004"/>
  <testcase classname="com.qa.ims.controllers.CustomerControllerTest" name="testUpdate" time="0.006"/>
</testsuite>